Build started 1/25/2015 4:11:19 AM.
     1>Project "C:\Users\pietas\git\Robot\Robot\Android.vcxproj" on node 2 (Build target(s)).
     1>C:\Program Files (x86)\MSBuild\Microsoft.Cpp\v4.0\V120\Microsoft.CppBuild.targets(388,5): warning MSB8028: The intermediate directory (Debug\) contains files shared from another project (Android.vcxproj).  This can lead to incorrect clean and rebuild behavior.
     1>ClCompile:
         C:\Program Files (x86)\Microsoft Visual Studio 12.0\VC\bin\CL.exe /c /ZI /nologo /W3 /WX- /sdl /Od /Oy- /D WIN32 /D _DEBUG /D _CONSOLE /D _LIB /D _UNICODE /D UNICODE /Gm /EHsc /RTC1 /MDd /GS /fp:precise /Zc:wchar_t /Zc:forScope /Fo"Debug\\" /Fd"Debug\vc120.pdb" /Gd /TP /analyze- /errorReport:prompt AssembleAndroid.cpp main.cpp
         AssembleAndroid.cpp
         Generating Code...
         Skipping... (no relevant changes detected)
         main.cpp
       Link:
         C:\Program Files (x86)\Microsoft Visual Studio 12.0\VC\bin\link.exe /ERRORREPORT:PROMPT /OUT:"C:\Users\pietas\git\Robot\Robot\Debug\Android 1.0.exe" /INCREMENTAL /NOLOGO kernel32.lib user32.lib gdi32.lib winspool.lib comdlg32.lib advapi32.lib shell32.lib ole32.lib oleaut32.lib uuid.lib odbc32.lib odbccp32.lib /MANIFEST /MANIFESTUAC:"level='asInvoker' uiAccess='false'" /manifest:embed /DEBUG /PDB:"C:\Users\pietas\git\Robot\Robot\Debug\Android 1.0.pdb" /SUBSYSTEM:CONSOLE /TLBID:1 /DYNAMICBASE /NXCOMPAT /IMPLIB:"C:\Users\pietas\git\Robot\Robot\Debug\Android 1.0.lib" /MACHINE:X86 Debug\AssembleAndroid.obj
         Debug\Controls.obj
         Debug\main.obj
     1>AssembleAndroid.obj : error LNK2019: unresolved external symbol "public: void __thiscall AssembleAndroid::drawCube(float,float,float)" (?drawCube@AssembleAndroid@@QAEXMMM@Z) referenced in function "public: void __thiscall AssembleAndroid::constructAbdomen(float *)" (?constructAbdomen@AssembleAndroid@@QAEXPAM@Z)
     1>main.obj : error LNK2019: unresolved external symbol "void __cdecl constructRobot(void)" (?constructRobot@@YAXXZ) referenced in function "void __cdecl display(void)" (?display@@YAXXZ)
     1>C:\Users\pietas\git\Robot\Robot\Debug\Android 1.0.exe : fatal error LNK1120: 2 unresolved externals
     1>Done Building Project "C:\Users\pietas\git\Robot\Robot\Android.vcxproj" (Build target(s)) -- FAILED.

Build FAILED.

Time Elapsed 00:00:02.02
